#
# A fatal error has been detected by the Java Runtime Environment:
#
#  EXCEPTION_ACCESS_VIOLATION (0xc0000005) at pc=0x0000000054c1c686, pid=10128, tid=0x0000000000001d84
#
# JRE version: Java(TM) SE Runtime Environment (8.0_144-b01) (build 1.8.0_144-b01)
# Java VM: Java HotSpot(TM) 64-Bit Server VM (25.144-b01 mixed mode windows-amd64 compressed oops)
# Problematic frame:
# V  [jvm.dll+0x3fc686]
#
# Failed to write core dump. Minidumps are not enabled by default on client versions of Windows
#
# If you would like to submit a bug report, please visit:
#   http://bugreport.java.com/bugreport/crash.jsp
#

---------------  T H R E A D  ---------------

Current thread (0x0000000016fe7800):  VMThread [stack: 0x0000000018080000,0x0000000018180000] [id=7556]

siginfo: ExceptionCode=0xc0000005, writing address 0x0000000000000000

Registers:
RAX=0x00000000ccc00000, RBX=0x0000000000000a7a, RCX=0x0000000000000000, RDX=0x0000000000010000
RSP=0x000000001817f200, RBP=0x000000005503d6c8, RSI=0x00000000d6100da0, RDI=0x0000000000100000
R8 =0x00000000d6100000, R9 =0x00000000d6000da0, R10=0x0000000009540000, R11=0x000000005503d6c8
R12=0x0000000000000a7e, R13=0x00000000d6100000, R14=0x0000000000000000, R15=0x0000000002462b30
RIP=0x0000000054c1c686, EFLAGS=0x0000000000010206

Top of Stack: (sp=0x000000001817f200)
0x000000001817f200:   000000001817f2f8 0000000000000a7a
0x000000001817f210:   000000005503d6c8 000000000253be40
0x000000001817f220:   00000000d6100000 000000005503d6a8
0x000000001817f230:   0000000002452e20 0000000000000000
0x000000001817f240:   000000005503d6b8 0000000054c1d087
0x000000001817f250:   000000000245d4a0 0000000000000004
0x000000001817f260:   000000005503d6c8 0000000054aab72c
0x000000001817f270:   0000000000000000 0000000082200000
0x000000001817f280:   00000000d6100000 000000005503d6a8
0x000000001817f290:   0000000000000017 0000000054c1d2c6
0x000000001817f2a0:   000000000253be40 000000001817f440
0x000000001817f2b0:   0000000016fe6870 0000000000000000
0x000000001817f2c0:   0000000054ff5b10 0000006a0000002f
0x000000001817f2d0:   0000000054e758e8 0000000054ab0100
0x000000001817f2e0:   0000000054e75810 0000000019e50100
0x000000001817f2f0:   0000000054ff5b10 000000001a9c753a 

Instructions: (pc=0x0000000054c1c686)
0x0000000054c1c666:   00 00 00 4c 8b c5 49 8b d2 48 89 44 24 28 49 8b
0x0000000054c1c676:   cb 4c 89 6c 24 20 e8 0f fd ff ff 48 8b 4c 24 70
0x0000000054c1c686:   48 89 01 32 c0 eb bb cc cc cc 48 83 ec 58 48 8b
0x0000000054c1c696:   05 fd a8 3a 00 f2 0f 10 05 45 50 1f 00 ba 64 00 


Register to memory mapping:

RAX=0x00000000ccc00000 is pointing into object: 0x00000000ccbffff8
State 
 - klass: 'State'
RBX=0x0000000000000a7a is an unknown value
RCX=0x0000000000000000 is an unknown value
RDX=0x0000000000010000 is an unknown value
RSP=0x000000001817f200 is an unknown value
RBP=0x000000005503d6c8 is an unknown value
RSI=0x00000000d6100da0 is an oop

[error occurred during error reporting (printing register info), id 0xc0000005]

Stack: [0x0000000018080000,0x0000000018180000],  sp=0x000000001817f200,  free space=1020k
Native frames: (J=compiled Java code, j=interpreted, Vv=VM code, C=native code)
V  [jvm.dll+0x3fc686]
V  [jvm.dll+0x3fd087]
V  [jvm.dll+0x3fd2c6]
V  [jvm.dll+0x3ffaa5]
V  [jvm.dll+0x4039ef]
V  [jvm.dll+0x3f3714]
V  [jvm.dll+0x405cb6]
V  [jvm.dll+0x24c127]
V  [jvm.dll+0x24b3c6]
V  [jvm.dll+0x24b861]
V  [jvm.dll+0x24ba7e]
V  [jvm.dll+0x29ca6a]
C  [msvcr100.dll+0x21d9f]
C  [msvcr100.dll+0x21e3b]
C  [KERNEL32.DLL+0x12774]
C  [ntdll.dll+0x70d51]

VM_Operation (0x000000000220f080): ParallelGCFailedAllocation, mode: safepoint, requested by thread 0x000000000052e000


---------------  P R O C E S S  ---------------

Java Threads: ( => current thread )
  0x0000000018755000 JavaThread "Service Thread" daemon [_thread_blocked, id=5708, stack(0x0000000018e70000,0x0000000018f70000)]
  0x0000000018707800 JavaThread "C1 CompilerThread2" daemon [_thread_blocked, id=8364, stack(0x0000000018d70000,0x0000000018e70000)]
  0x0000000017079000 JavaThread "C2 CompilerThread1" daemon [_thread_blocked, id=8288, stack(0x0000000018c70000,0x0000000018d70000)]
  0x000000001706a000 JavaThread "C2 CompilerThread0" daemon [_thread_blocked, id=11188, stack(0x0000000018b70000,0x0000000018c70000)]
  0x00000000186b3800 JavaThread "Monitor Ctrl-Break" daemon [_thread_in_native, id=2608, stack(0x0000000018a70000,0x0000000018b70000)]
  0x000000001701b000 JavaThread "Attach Listener" daemon [_thread_blocked, id=10984, stack(0x0000000018570000,0x0000000018670000)]
  0x000000001701a000 JavaThread "Signal Dispatcher" daemon [_thread_blocked, id=9360, stack(0x0000000018470000,0x0000000018570000)]
  0x000000001700a800 JavaThread "Finalizer" daemon [_thread_blocked, id=1340, stack(0x0000000018280000,0x0000000018380000)]
  0x0000000002540000 JavaThread "Reference Handler" daemon [_thread_blocked, id=9992, stack(0x0000000018180000,0x0000000018280000)]
  0x000000000052e000 JavaThread "main" [_thread_blocked, id=7820, stack(0x0000000002110000,0x0000000002210000)]

Other Threads:
=>0x0000000016fe7800 VMThread [stack: 0x0000000018080000,0x0000000018180000] [id=7556]
  0x0000000018761000 WatcherThread [stack: 0x0000000018f70000,0x0000000019070000] [id=1452]

VM state:at safepoint (normal execution)

VM Mutex/Monitor currently owned by a thread:  ([mutex/lock_event])
[0x000000000052d670] Threads_lock - owner thread: 0x0000000016fe7800
[0x000000000052d1f0] Heap_lock - owner thread: 0x000000000052e000

Heap:
 PSYoungGen      total 374784K, used 145919K [0x00000000d6100000, 0x00000000fb000000, 0x0000000100000000)
  eden space 145920K, 99% used [0x00000000d6100000,0x00000000def7fff8,0x00000000def80000)
  from space 228864K, 0% used [0x00000000ecf00000,0x00000000ecf00000,0x00000000fae80000)
  to   space 228864K, 0% used [0x00000000def80000,0x00000000def80000,0x00000000ecf00000)
 ParOldGen       total 1375232K, used 1374925K [0x0000000082200000, 0x00000000d6100000, 0x00000000d6100000)
  object space 1375232K, 99% used [0x0000000082200000,0x00000000d60b3600,0x00000000d6100000)
 Metaspace       used 4174K, capacity 4670K, committed 4864K, reserved 1056768K
  class space    used 477K, capacity 494K, committed 512K, reserved 1048576K

Card table byte_map: [0x0000000011910000,0x0000000011d00000] byte_map_base: 0x00000000114ff000

Marking Bits: (ParMarkBitMap*) 0x000000005503d850
 Begin Bits: [0x00000000123a0000, 0x0000000014318000)
 End Bits:   [0x0000000014318000, 0x0000000016290000)

Polling page: 0x0000000000510000

CodeCache: size=245760Kb used=2126Kb max_used=2156Kb free=243633Kb
 bounds [0x0000000002550000, 0x00000000027c0000, 0x0000000011550000]
 total_blobs=454 nmethods=179 adapters=188
 compilation: enabled

Compilation events (10 events):
Event: 13.731 Thread 0x0000000017079000 nmethod 175 0x00000000026e2610 code [0x00000000026e2780, 0x00000000026e2b58]
Event: 13.845 Thread 0x0000000018707800  176       3       java.util.HashSet::contains (9 bytes)
Event: 13.845 Thread 0x0000000018707800 nmethod 176 0x00000000026a4790 code [0x00000000026a4900, 0x00000000026a4b28]
Event: 13.862 Thread 0x0000000017079000  177       4       java.util.HashSet::contains (9 bytes)
Event: 13.868 Thread 0x0000000017079000 nmethod 177 0x00000000026a3d10 code [0x00000000026a3ea0, 0x00000000026a4318]
Event: 14.289 Thread 0x000000001706a000 nmethod 171% 0x000000000275b950 code [0x000000000275bfe0, 0x0000000002762d20]
Event: 14.297 Thread 0x0000000017079000  178 %     4       Main::main @ 290 (554 bytes)
Event: 14.691 Thread 0x0000000017079000 nmethod 178% 0x000000000276a050 code [0x000000000276a720, 0x00000000027713e0]
Event: 29.238 Thread 0x0000000018707800  179       3       java.lang.Object::equals (11 bytes)
Event: 29.238 Thread 0x0000000018707800 nmethod 179 0x000000000269ec50 code [0x000000000269eda0, 0x000000000269ef50]

GC Heap History (10 events):
Event: 147.483 GC heap after
Heap after GC invocations=43 (full 27):
 PSYoungGen      total 374784K, used 145919K [0x00000000d6100000, 0x00000000fb000000, 0x0000000100000000)
  eden space 145920K, 99% used [0x00000000d6100000,0x00000000def7fff8,0x00000000def80000)
  from space 228864K, 0% used [0x00000000ecf00000,0x00000000ecf00000,0x00000000fae80000)
  to   space 228864K, 0% used [0x00000000def80000,0x00000000def80000,0x00000000ecf00000)
 ParOldGen       total 1375232K, used 1374913K [0x0000000082200000, 0x00000000d6100000, 0x00000000d6100000)
  object space 1375232K, 99% used [0x0000000082200000,0x00000000d60b05f0,0x00000000d6100000)
 Metaspace       used 4174K, capacity 4670K, committed 4864K, reserved 1056768K
  class space    used 477K, capacity 494K, committed 512K, reserved 1048576K
}
Event: 147.493 GC heap before
{Heap before GC invocations=44 (full 28):
 PSYoungGen      total 374784K, used 145919K [0x00000000d6100000, 0x00000000fb000000, 0x0000000100000000)
  eden space 145920K, 99% used [0x00000000d6100000,0x00000000def7fff8,0x00000000def80000)
  from space 228864K, 0% used [0x00000000ecf00000,0x00000000ecf00000,0x00000000fae80000)
  to   space 228864K, 0% used [0x00000000def80000,0x00000000def80000,0x00000000ecf00000)
 ParOldGen       total 1375232K, used 1374915K [0x0000000082200000, 0x00000000d6100000, 0x00000000d6100000)
  object space 1375232K, 99% used [0x0000000082200000,0x00000000d60b0f98,0x00000000d6100000)
 Metaspace       used 4174K, capacity 4670K, committed 4864K, reserved 1056768K
  class space    used 477K, capacity 494K, committed 512K, reserved 1048576K
Event: 153.424 GC heap after
Heap after GC invocations=44 (full 28):
 PSYoungGen      total 374784K, used 145919K [0x00000000d6100000, 0x00000000fb000000, 0x0000000100000000)
  eden space 145920K, 99% used [0x00000000d6100000,0x00000000def7fff8,0x00000000def80000)
  from space 228864K, 0% used [0x00000000ecf00000,0x00000000ecf00000,0x00000000fae80000)
  to   space 228864K, 0% used [0x00000000def80000,0x00000000def80000,0x00000000ecf00000)
 ParOldGen       total 1375232K, used 1374915K [0x0000000082200000, 0x00000000d6100000, 0x00000000d6100000)
  object space 1375232K, 99% used [0x0000000082200000,0x00000000d60b0f98,0x00000000d6100000)
 Metaspace       used 4174K, capacity 4670K, committed 4864K, reserved 1056768K
  class space    used 477K, capacity 494K, committed 512K, reserved 1048576K
}
Event: 153.424 GC heap before
{Heap before GC invocations=45 (full 29):
 PSYoungGen      total 374784K, used 145919K [0x00000000d6100000, 0x00000000fb000000, 0x0000000100000000)
  eden space 145920K, 99% used [0x00000000d6100000,0x00000000def7fff8,0x00000000def80000)
  from space 228864K, 0% used [0x00000000ecf00000,0x00000000ecf00000,0x00000000fae80000)
  to   space 228864K, 0% used [0x00000000def80000,0x00000000def80000,0x00000000ecf00000)
 ParOldGen       total 1375232K, used 1374918K [0x0000000082200000, 0x00000000d6100000, 0x00000000d6100000)
  object space 1375232K, 99% used [0x0000000082200000,0x00000000d60b1928,0x00000000d6100000)
 Metaspace       used 4174K, capacity 4670K, committed 4864K, reserved 1056768K
  class space    used 477K, capacity 494K, committed 512K, reserved 1048576K
Event: 159.448 GC heap after
Heap after GC invocations=45 (full 29):
 PSYoungGen      total 374784K, used 145919K [0x00000000d6100000, 0x00000000fb000000, 0x0000000100000000)
  eden space 145920K, 99% used [0x00000000d6100000,0x00000000def7fff8,0x00000000def80000)
  from space 228864K, 0% used [0x00000000ecf00000,0x00000000ecf00000,0x00000000fae80000)
  to   space 228864K, 0% used [0x00000000def80000,0x00000000def80000,0x00000000ecf00000)
 ParOldGen       total 1375232K, used 1374918K [0x0000000082200000, 0x00000000d6100000, 0x00000000d6100000)
  object space 1375232K, 99% used [0x0000000082200000,0x00000000d60b1928,0x00000000d6100000)
 Metaspace       used 4174K, capacity 4670K, committed 4864K, reserved 1056768K
  class space    used 477K, capacity 494K, committed 512K, reserved 1048576K
}
Event: 159.448 GC heap before
{Heap before GC invocations=46 (full 30):
 PSYoungGen      total 374784K, used 145919K [0x00000000d6100000, 0x00000000fb000000, 0x0000000100000000)
  eden space 145920K, 99% used [0x00000000d6100000,0x00000000def7fff8,0x00000000def80000)
  from space 228864K, 0% used [0x00000000ecf00000,0x00000000ecf00000,0x00000000fae80000)
  to   space 228864K, 0% used [0x00000000def80000,0x00000000def80000,0x00000000ecf00000)
 ParOldGen       total 1375232K, used 1374920K [0x0000000082200000, 0x00000000d6100000, 0x00000000d6100000)
  object space 1375232K, 99% used [0x0000000082200000,0x00000000d60b22d0,0x00000000d6100000)
 Metaspace       used 4174K, capacity 4670K, committed 4864K, reserved 1056768K
  class space    used 477K, capacity 494K, committed 512K, reserved 1048576K
Event: 165.462 GC heap after
Heap after GC invocations=46 (full 30):
 PSYoungGen      total 374784K, used 145919K [0x00000000d6100000, 0x00000000fb000000, 0x0000000100000000)
  eden space 145920K, 99% used [0x00000000d6100000,0x00000000def7fff8,0x00000000def80000)
  from space 228864K, 0% used [0x00000000ecf00000,0x00000000ecf00000,0x00000000fae80000)
  to   space 228864K, 0% used [0x00000000def80000,0x00000000def80000,0x00000000ecf00000)
 ParOldGen       total 1375232K, used 1374920K [0x0000000082200000, 0x00000000d6100000, 0x00000000d6100000)
  object space 1375232K, 99% used [0x0000000082200000,0x00000000d60b22d0,0x00000000d6100000)
 Metaspace       used 4174K, capacity 4670K, committed 4864K, reserved 1056768K
  class space    used 477K, capacity 494K, committed 512K, reserved 1048576K
}
Event: 165.473 GC heap before
{Heap before GC invocations=47 (full 31):
 PSYoungGen      total 374784K, used 145919K [0x00000000d6100000, 0x00000000fb000000, 0x0000000100000000)
  eden space 145920K, 99% used [0x00000000d6100000,0x00000000def7fff8,0x00000000def80000)
  from space 228864K, 0% used [0x00000000ecf00000,0x00000000ecf00000,0x00000000fae80000)
  to   space 228864K, 0% used [0x00000000def80000,0x00000000def80000,0x00000000ecf00000)
 ParOldGen       total 1375232K, used 1374923K [0x0000000082200000, 0x00000000d6100000, 0x00000000d6100000)
  object space 1375232K, 99% used [0x0000000082200000,0x00000000d60b2c60,0x00000000d6100000)
 Metaspace       used 4174K, capacity 4670K, committed 4864K, reserved 1056768K
  class space    used 477K, capacity 494K, committed 512K, reserved 1048576K
Event: 171.515 GC heap after
Heap after GC invocations=47 (full 31):
 PSYoungGen      total 374784K, used 145919K [0x00000000d6100000, 0x00000000fb000000, 0x0000000100000000)
  eden space 145920K, 99% used [0x00000000d6100000,0x00000000def7fff8,0x00000000def80000)
  from space 228864K, 0% used [0x00000000ecf00000,0x00000000ecf00000,0x00000000fae80000)
  to   space 228864K, 0% used [0x00000000def80000,0x00000000def80000,0x00000000ecf00000)
 ParOldGen       total 1375232K, used 1374923K [0x0000000082200000, 0x00000000d6100000, 0x00000000d6100000)
  object space 1375232K, 99% used [0x0000000082200000,0x00000000d60b2c60,0x00000000d6100000)
 Metaspace       used 4174K, capacity 4670K, committed 4864K, reserved 1056768K
  class space    used 477K, capacity 494K, committed 512K, reserved 1048576K
}
Event: 171.516 GC heap before
{Heap before GC invocations=48 (full 32):
 PSYoungGen      total 374784K, used 145919K [0x00000000d6100000, 0x00000000fb000000, 0x0000000100000000)
  eden space 145920K, 99% used [0x00000000d6100000,0x00000000def7fff8,0x00000000def80000)
  from space 228864K, 0% used [0x00000000ecf00000,0x00000000ecf00000,0x00000000fae80000)
  to   space 228864K, 0% used [0x00000000def80000,0x00000000def80000,0x00000000ecf00000)
 ParOldGen       total 1375232K, used 1374925K [0x0000000082200000, 0x00000000d6100000, 0x00000000d6100000)
  object space 1375232K, 99% used [0x0000000082200000,0x00000000d60b3600,0x00000000d6100000)
 Metaspace       used 4174K, capacity 4670K, committed 4864K, reserved 1056768K
  class space    used 477K, capacity 494K, committed 512K, reserved 1048576K

Deoptimization events (10 events):
Event: 3.486 Thread 0x000000000052e000 Uncommon trap: reason=class_check action=maybe_recompile pc=0x00000000026be144 method=java.util.HashMap.putVal(ILjava/lang/Object;Ljava/lang/Object;ZZ)Ljava/lang/Object; @ 91
Event: 3.844 Thread 0x000000000052e000 Uncommon trap: reason=class_check action=maybe_recompile pc=0x00000000026c9330 method=java.util.HashMap.getNode(ILjava/lang/Object;)Ljava/util/HashMap$Node; @ 126
Event: 5.578 Thread 0x000000000052e000 Uncommon trap: reason=class_check action=maybe_recompile pc=0x00000000026c9330 method=java.util.HashMap.getNode(ILjava/lang/Object;)Ljava/util/HashMap$Node; @ 126
Event: 8.474 Thread 0x000000000052e000 Uncommon trap: reason=unstable_if action=reinterpret pc=0x0000000002725534 method=java.util.HashMap.putVal(ILjava/lang/Object;Ljava/lang/Object;ZZ)Ljava/lang/Object; @ 181
Event: 13.513 Thread 0x000000000052e000 Uncommon trap: reason=unstable_if action=reinterpret pc=0x0000000002749f38 method=java.util.HashMap.putVal(ILjava/lang/Object;Ljava/lang/Object;ZZ)Ljava/lang/Object; @ 181
Event: 13.559 Thread 0x000000000052e000 Uncommon trap: reason=class_check action=maybe_recompile pc=0x00000000026e6364 method=java.util.HashMap.putVal(ILjava/lang/Object;Ljava/lang/Object;ZZ)Ljava/lang/Object; @ 91
Event: 13.578 Thread 0x000000000052e000 Uncommon trap: reason=class_check action=maybe_recompile pc=0x00000000026c9330 method=java.util.HashMap.getNode(ILjava/lang/Object;)Ljava/util/HashMap$Node; @ 126
Event: 13.711 Thread 0x000000000052e000 Uncommon trap: reason=class_check action=maybe_recompile pc=0x00000000026c9330 method=java.util.HashMap.getNode(ILjava/lang/Object;)Ljava/util/HashMap$Node; @ 126
Event: 13.713 Thread 0x000000000052e000 Uncommon trap: reason=unstable_if action=reinterpret pc=0x000000000269c82c method=java.util.HashMap.getNode(ILjava/lang/Object;)Ljava/util/HashMap$Node; @ 62
Event: 13.844 Thread 0x000000000052e000 Uncommon trap: reason=class_check action=maybe_recompile pc=0x00000000026e57a0 method=java.util.HashMap.getNode(ILjava/lang/Object;)Ljava/util/HashMap$Node; @ 126

Internal exceptions (6 events):
Event: 0.054 Thread 0x000000000052e000 Exception <a 'java/lang/NoSuchMethodError': Method sun.misc.Unsafe.defineClass(Ljava/lang/String;[BII)Ljava/lang/Class; name or signature does not match> (0x00000000d6107ca8) thrown at [C:\re\workspace\8-2-build-windows-amd64-cygwin\jdk8u144\9417\hotspot\
Event: 0.054 Thread 0x000000000052e000 Exception <a 'java/lang/NoSuchMethodError': Method sun.misc.Unsafe.prefetchRead(Ljava/lang/Object;J)V name or signature does not match> (0x00000000d6107f90) thrown at [C:\re\workspace\8-2-build-windows-amd64-cygwin\jdk8u144\9417\hotspot\src\share\vm\prims
Event: 0.238 Thread 0x000000000052e000 Exception <a 'java/security/PrivilegedActionException'> (0x00000000d64119b0) thrown at [C:\re\workspace\8-2-build-windows-amd64-cygwin\jdk8u144\9417\hotspot\src\share\vm\prims\jvm.cpp, line 1390]
Event: 0.238 Thread 0x000000000052e000 Exception <a 'java/security/PrivilegedActionException'> (0x00000000d6411da8) thrown at [C:\re\workspace\8-2-build-windows-amd64-cygwin\jdk8u144\9417\hotspot\src\share\vm\prims\jvm.cpp, line 1390]
Event: 0.239 Thread 0x000000000052e000 Exception <a 'java/security/PrivilegedActionException'> (0x00000000d6415ea0) thrown at [C:\re\workspace\8-2-build-windows-amd64-cygwin\jdk8u144\9417\hotspot\src\share\vm\prims\jvm.cpp, line 1390]
Event: 0.239 Thread 0x000000000052e000 Exception <a 'java/security/PrivilegedActionException'> (0x00000000d6416298) thrown at [C:\re\workspace\8-2-build-windows-amd64-cygwin\jdk8u144\9417\hotspot\src\share\vm\prims\jvm.cpp, line 1390]

Events (10 events):
Event: 147.483 Executing VM operation: ParallelGCFailedAllocation done
Event: 147.493 Executing VM operation: ParallelGCFailedAllocation
Event: 153.424 Executing VM operation: ParallelGCFailedAllocation done
Event: 153.424 Executing VM operation: ParallelGCFailedAllocation
Event: 159.448 Executing VM operation: ParallelGCFailedAllocation done
Event: 159.448 Executing VM operation: ParallelGCFailedAllocation
Event: 165.462 Executing VM operation: ParallelGCFailedAllocation done
Event: 165.473 Executing VM operation: ParallelGCFailedAllocation
Event: 171.515 Executing VM operation: ParallelGCFailedAllocation done
Event: 171.516 Executing VM operation: ParallelGCFailedAllocation


Dynamic libraries:
0x00007ff7b8cd0000 - 0x00007ff7b8d07000 	C:\Program Files\Java\jdk1.8.0_144\bin\java.exe
0x00007ffa8baa0000 - 0x00007ffa8bc7b000 	C:\WINDOWS\SYSTEM32\ntdll.dll
0x00007ffa8acc0000 - 0x00007ffa8ad6e000 	C:\WINDOWS\System32\KERNEL32.DLL
0x00007ffa88a90000 - 0x00007ffa88cd9000 	C:\WINDOWS\System32\KERNELBASE.dll
0x00007ffa89000000 - 0x00007ffa890a1000 	C:\WINDOWS\System32\ADVAPI32.dll
0x00007ffa8b1e0000 - 0x00007ffa8b27d000 	C:\WINDOWS\System32\msvcrt.dll
0x00007ffa89490000 - 0x00007ffa894e9000 	C:\WINDOWS\System32\sechost.dll
0x00007ffa8ab50000 - 0x00007ffa8ac75000 	C:\WINDOWS\System32\RPCRT4.dll
0x00007ffa8b030000 - 0x00007ffa8b17a000 	C:\WINDOWS\System32\USER32.dll
0x00007ffa88e70000 - 0x00007ffa88e8e000 	C:\WINDOWS\System32\win32u.dll
0x00007ffa8ac90000 - 0x00007ffa8acb7000 	C:\WINDOWS\System32\GDI32.dll
0x00007ffa88ce0000 - 0x00007ffa88e68000 	C:\WINDOWS\System32\gdi32full.dll
0x00007ffa881f0000 - 0x00007ffa8828a000 	C:\WINDOWS\System32\msvcp_win.dll
0x00007ffa88e90000 - 0x00007ffa88f86000 	C:\WINDOWS\System32\ucrtbase.dll
0x00007ffa76830000 - 0x00007ffa76a97000 	C:\WINDOWS\WinSxS\amd64_microsoft.windows.common-controls_6595b64144ccf1df_6.0.15063.483_none_26002d27e7c744a2\COMCTL32.dll
0x00007ffa890b0000 - 0x00007ffa893a9000 	C:\WINDOWS\System32\combase.dll
0x00007ffa88f90000 - 0x00007ffa88ffa000 	C:\WINDOWS\System32\bcryptPrimitives.dll
0x00007ffa89450000 - 0x00007ffa8947d000 	C:\WINDOWS\System32\IMM32.DLL
0x00000000550c0000 - 0x0000000055192000 	C:\Program Files\Java\jdk1.8.0_144\jre\bin\msvcr100.dll
0x0000000054820000 - 0x00000000550bd000 	C:\Program Files\Java\jdk1.8.0_144\jre\bin\server\jvm.dll
0x00007ffa89480000 - 0x00007ffa89488000 	C:\WINDOWS\System32\PSAPI.DLL
0x00007ffa7c360000 - 0x00007ffa7c369000 	C:\WINDOWS\SYSTEM32\WSOCK32.dll
0x00007ffa8b5f0000 - 0x00007ffa8b65c000 	C:\WINDOWS\System32\WS2_32.dll
0x00007ffa844d0000 - 0x00007ffa844f3000 	C:\WINDOWS\SYSTEM32\WINMM.dll
0x00007ffa864e0000 - 0x00007ffa864ea000 	C:\WINDOWS\SYSTEM32\VERSION.dll
0x00007ffa84040000 - 0x00007ffa8406b000 	C:\WINDOWS\SYSTEM32\WINMMBASE.dll
0x00007ffa88a40000 - 0x00007ffa88a89000 	C:\WINDOWS\System32\cfgmgr32.dll
0x0000000054810000 - 0x000000005481f000 	C:\Program Files\Java\jdk1.8.0_144\jre\bin\verify.dll
0x00000000547e0000 - 0x0000000054809000 	C:\Program Files\Java\jdk1.8.0_144\jre\bin\java.dll
0x0000000054720000 - 0x0000000054743000 	C:\Program Files\Java\jdk1.8.0_144\jre\bin\instrument.dll
0x0000000054790000 - 0x00000000547a6000 	C:\Program Files\Java\jdk1.8.0_144\jre\bin\zip.dll
0x00007ffa89710000 - 0x00007ffa8ab46000 	C:\WINDOWS\System32\SHELL32.dll
0x00007ffa8b3d0000 - 0x00007ffa8b47a000 	C:\WINDOWS\System32\shcore.dll
0x00007ffa88340000 - 0x00007ffa88a33000 	C:\WINDOWS\System32\windows.storage.dll
0x00007ffa8afd0000 - 0x00007ffa8b021000 	C:\WINDOWS\System32\shlwapi.dll
0x00007ffa87fa0000 - 0x00007ffa87fb1000 	C:\WINDOWS\System32\kernel.appcore.dll
0x00007ffa87f30000 - 0x00007ffa87f7c000 	C:\WINDOWS\System32\powrprof.dll
0x00007ffa87f80000 - 0x00007ffa87f95000 	C:\WINDOWS\System32\profapi.dll
0x00007ffa78ca0000 - 0x00007ffa78cba000 	C:\Program Files\JetBrains\IntelliJ IDEA 2017.2.4\bin\breakgen64.dll
0x0000000054770000 - 0x000000005478a000 	C:\Program Files\Java\jdk1.8.0_144\jre\bin\net.dll
0x00007ffa87490000 - 0x00007ffa874ec000 	C:\WINDOWS\system32\mswsock.dll
0x0000000054750000 - 0x0000000054761000 	C:\Program Files\Java\jdk1.8.0_144\jre\bin\nio.dll
0x00007ffa87a50000 - 0x00007ffa87bf9000 	C:\WINDOWS\SYSTEM32\dbghelp.dll

VM Arguments:
jvm_args: -javaagent:C:\Program Files\JetBrains\IntelliJ IDEA 2017.2.4\lib\idea_rt.jar=64449:C:\Program Files\JetBrains\IntelliJ IDEA 2017.2.4\bin -Dfile.encoding=UTF-8 
java_command: Main
java_class_path (initial): C:\Program Files\Java\jdk1.8.0_144\jre\lib\charsets.jar;C:\Program Files\Java\jdk1.8.0_144\jre\lib\deploy.jar;C:\Program Files\Java\jdk1.8.0_144\jre\lib\ext\access-bridge-64.jar;C:\Program Files\Java\jdk1.8.0_144\jre\lib\ext\cldrdata.jar;C:\Program Files\Java\jdk1.8.0_144\jre\lib\ext\dnsns.jar;C:\Program Files\Java\jdk1.8.0_144\jre\lib\ext\jaccess.jar;C:\Program Files\Java\jdk1.8.0_144\jre\lib\ext\jfxrt.jar;C:\Program Files\Java\jdk1.8.0_144\jre\lib\ext\localedata.jar;C:\Program Files\Java\jdk1.8.0_144\jre\lib\ext\nashorn.jar;C:\Program Files\Java\jdk1.8.0_144\jre\lib\ext\sunec.jar;C:\Program Files\Java\jdk1.8.0_144\jre\lib\ext\sunjce_provider.jar;C:\Program Files\Java\jdk1.8.0_144\jre\lib\ext\sunmscapi.jar;C:\Program Files\Java\jdk1.8.0_144\jre\lib\ext\sunpkcs11.jar;C:\Program Files\Java\jdk1.8.0_144\jre\lib\ext\zipfs.jar;C:\Program Files\Java\jdk1.8.0_144\jre\lib\javaws.jar;C:\Program Files\Java\jdk1.8.0_144\jre\lib\jce.jar;C:\Program Files\Java\jdk1.8.0_144\jre\lib\jfr.jar;C:\Program Files\Java\jdk1.8.0_144\jre\lib\jfxswt.jar;C:\Program Files\Java\jdk1.8.0_144\jre\lib\jsse.jar;C:\Program Files\Java\jdk1.8.0_144\jre\lib\management-agent.jar;C:\Program Files\Java\jdk1.8.0_144\jre\lib\plugin.jar;C:\Program Files\Java\jdk1.8.0_144\jre\lib\resources.jar;C:\Program Files\Java\jdk1.8.0_144\jre\lib\rt.jar;C:\Users\SHIMUL\IdeaProjects\GriddleAnyGoalState\out\production\GriddleAnyGoalState;C:\Program Files\JetBrains\IntelliJ IDEA 2017.2.4\lib\idea_rt.jar
Launcher Type: SUN_STANDARD

Environment Variables:
PATH=C:\ProgramData\Oracle\Java\javapath;C:\WINDOWS\system32;C:\WINDOWS;C:\WINDOWS\System32\Wbem;C:\WINDOWS\System32\WindowsPowerShell\v1.0\;C:\Program Files\Git\cmd;C:\Users\SHIMUL\AppData\Local\Microsoft\WindowsApps;
USERNAME=SHIMUL
OS=Windows_NT
PROCESSOR_IDENTIFIER=Intel64 Family 6 Model 58 Stepping 9, GenuineIntel



---------------  S Y S T E M  ---------------

OS: Windows 10.0 , 64 bit Build 15063 (10.0.15063.296)

CPU:total 4 (initial active 4) (2 cores per cpu, 2 threads per core) family 6 model 58 stepping 9, cmov, cx8, fxsr, mmx, sse, sse2, sse3, ssse3, sse4.1, sse4.2, popcnt, avx, aes, clmul, erms, ht, tsc, tscinvbit, tscinv

Memory: 4k page, physical 8248680k(735352k free), swap 12052644k(1930740k free)

vm_info: Java HotSpot(TM) 64-Bit Server VM (25.144-b01) for windows-amd64 JRE (1.8.0_144-b01), built on Jul 21 2017 21:57:33 by "java_re" with MS VC++ 10.0 (VS2010)

time: Sat Oct 07 21:26:50 2017
elapsed time: 176 seconds (0d 0h 2m 56s)

